<?xml version="1.0" encoding="UTF-8"?>
<!-- Generated by org.testng.reporters.JUnitXMLReporter -->
<testsuite hostname="RenAyobamiEL" ignored="0" name="Test" tests="9" failures="1" timestamp="25 Jun 2020 12:31:00 GMT" time="272.731" errors="0">
  <testcase name="LoginSuccess" time="18.06" classname="TestCases.LoginSuccessTest"/>
  <testcase name="LoginFailure" time="14.526" classname="TestCases.LoginFailureTest"/>
  <testcase name="UpdateCustomerInfo" time="38.488" classname="TestCases.UpdateCustomerInfoTest">
    <failure type="org.openqa.selenium.NoSuchElementException" message="no such element: Unable to locate element: {&amp;quot;method&amp;quot;:&amp;quot;xpath&amp;quot;,&amp;quot;selector&amp;quot;:&amp;quot;//div[@class=&amp;apos;Toastify__toast-body&amp;apos;]&amp;quot;}
  (Session info: chrome=83.0.4103.106)
For documentation on this error, please visit: http://seleniumhq.org/exceptions/no_such_element.html
Build info: version: &amp;apos;3.6.0&amp;apos;, revision: &amp;apos;6fbf3ec767&amp;apos;, time: &amp;apos;2017-09-27T15:28:36.4Z&amp;apos;
System info: host: &amp;apos;RENAYOBAMIEL&amp;apos;, ip: &amp;apos;192.168.0.4&amp;apos;, os.name: &amp;apos;Windows 10&amp;apos;, os.arch: &amp;apos;amd64&amp;apos;, os.version: &amp;apos;10.0&amp;apos;, java.version: &amp;apos;1.8.0_231&amp;apos;
Driver info: org.openqa.selenium.chrome.ChromeDriver
Capabilities [{networkConnectionEnabled=false, chrome={chromedriverVersion=83.0.4103.39 (ccbf011cb2d2b19b506d844400483861342c20cd-refs/branch-heads/4103@{#416}), userDataDir=C:\Users\RENAYO~1\AppData\Local\Temp\scoped_dir20272_949550755}, timeouts={implicit=0, pageLoad=300000, script=30000}, pageLoadStrategy=normal, unhandledPromptBehavior=dismiss and notify, strictFileInteractability=false, platform=WINDOWS, proxy=Proxy(), goog:chromeOptions={debuggerAddress=localhost:49300}, acceptInsecureCerts=false, browserVersion=83.0.4103.106, browserName=chrome, javascriptEnabled=true, platformName=WINDOWS, setWindowRect=true, webauthn:virtualAuthenticators=true}]
Session ID: 003a2e5e6b31204ed4481d8559e5e08f
*** Element info: {Using=xpath, value=//div[@class=&amp;apos;Toastify__toast-body&amp;apos;]}">
      <![CDATA[org.openqa.selenium.NoSuchElementException: no such element: Unable to locate element: {"method":"xpath","selector":"//div[@class='Toastify__toast-body']"}
  (Session info: chrome=83.0.4103.106)
For documentation on this error, please visit: http://seleniumhq.org/exceptions/no_such_element.html
Build info: version: '3.6.0', revision: '6fbf3ec767', time: '2017-09-27T15:28:36.4Z'
System info: host: 'RENAYOBAMIEL', ip: '192.168.0.4', os.name: 'Windows 10', os.arch: 'amd64', os.version: '10.0', java.version: '1.8.0_231'
Driver info: org.openqa.selenium.chrome.ChromeDriver
Capabilities [{networkConnectionEnabled=false, chrome={chromedriverVersion=83.0.4103.39 (ccbf011cb2d2b19b506d844400483861342c20cd-refs/branch-heads/4103@{#416}), userDataDir=C:\Users\RENAYO~1\AppData\Local\Temp\scoped_dir20272_949550755}, timeouts={implicit=0, pageLoad=300000, script=30000}, pageLoadStrategy=normal, unhandledPromptBehavior=dismiss and notify, strictFileInteractability=false, platform=WINDOWS, proxy=Proxy(), goog:chromeOptions={debuggerAddress=localhost:49300}, acceptInsecureCerts=false, browserVersion=83.0.4103.106, browserName=chrome, javascriptEnabled=true, platformName=WINDOWS, setWindowRect=true, webauthn:virtualAuthenticators=true}]
Session ID: 003a2e5e6b31204ed4481d8559e5e08f
*** Element info: {Using=xpath, value=//div[@class='Toastify__toast-body']}
	at org.openqa.selenium.remote.http.W3CHttpResponseCodec.createException(W3CHttpResponseCodec.java:185)
	at org.openqa.selenium.remote.http.W3CHttpResponseCodec.decode(W3CHttpResponseCodec.java:120)
	at org.openqa.selenium.remote.http.W3CHttpResponseCodec.decode(W3CHttpResponseCodec.java:49)
	at org.openqa.selenium.remote.HttpCommandExecutor.execute(HttpCommandExecutor.java:164)
	at org.openqa.selenium.remote.service.DriverCommandExecutor.execute(DriverCommandExecutor.java:83)
	at org.openqa.selenium.remote.RemoteWebDriver.execute(RemoteWebDriver.java:586)
	at org.openqa.selenium.remote.RemoteWebDriver.findElement(RemoteWebDriver.java:356)
	at org.openqa.selenium.remote.RemoteWebDriver.findElementByXPath(RemoteWebDriver.java:458)
	at org.openqa.selenium.By$ByXPath.findElement(By.java:361)
	at org.openqa.selenium.remote.RemoteWebDriver.findElement(RemoteWebDriver.java:348)
	at ObjectRepository.UpdatePersonalDetailsPage.SuccessfulUpdate(UpdatePersonalDetailsPage.java:108)
	at TestCases.UpdateCustomerInfoTest.UpdateCustomerInfo(UpdateCustomerInfoTest.java:198)
... Removed 29 stack frames]]>
    </failure>
  </testcase> <!-- UpdateCustomerInfo -->
  <testcase name="ViewAgent" time="20.073" classname="TestCases.ViewAgentTest"/>
  <testcase name="ViewMerchant" time="19.985" classname="TestCases.ViewMerchantTest"/>
  <testcase name="AddDebitCard" time="37.107" classname="TestCases.AddDebitCardTest"/>
  <testcase name="AddFund" time="30.024" classname="TestCases.AddFundTest"/>
  <testcase name="ViewRerralCode" time="18.762" classname="TestCases.ViewReferralCodeTest"/>
  <testcase name="ViewTransactions" time="23.908" classname="TestCases.ViewTransactionTest"/>
</testsuite> <!-- Test -->
