<?xml version="1.0" encoding="UTF-8"?>
<!-- Generated by org.testng.reporters.JUnitXMLReporter -->
<testsuite hostname="ISW-ENGR-AE2" ignored="0" name="Test" tests="9" failures="1" timestamp="03 Dec 2019 14:12:37 GMT" time="298.328" errors="0">
  <testcase name="IssuerLoginValidate" time="26.501" classname="TestCases.IssuerLoginTest"/>
  <testcase name="AcquirerLoginValidate" time="51.962" classname="TestCases.AcquirerLoginTest"/>
  <testcase name="LoginValidate" time="24.758" classname="TestCases.AdminLoginTest"/>
  <testcase name="SecondIssuerLoginValidate" time="29.544" classname="TestCases.SecondIssuerLoginTest"/>
  <testcase name="RegionValidate" time="28.492" classname="TestCases.CreateDisputeRegionTest"/>
  <testcase name="CreateValidateCheck" time="38.166" classname="TestCases.DisputeCreationTest"/>
  <testcase name="DisputeApproveCheck" time="29.041" classname="TestCases.DisputeApprovalTest"/>
  <testcase name="SecondCreateValidateCheck" time="30.617" classname="TestCases.SecondDisputeCreationTest"/>
  <testcase name="DisputeRejectCheck" time="39.196" classname="TestCases.DisputeRejectionTest">
    <failure type="org.openqa.selenium.NoSuchElementException" message="no such element: Unable to locate element: {&amp;quot;method&amp;quot;:&amp;quot;xpath&amp;quot;,&amp;quot;selector&amp;quot;:&amp;quot;//span[@class=&amp;apos;formfielderror&amp;apos;]&amp;quot;}
  (Session info: chrome=78.0.3904.108)
For documentation on this error, please visit: http://seleniumhq.org/exceptions/no_such_element.html
Build info: version: &amp;apos;3.6.0&amp;apos;, revision: &amp;apos;6fbf3ec767&amp;apos;, time: &amp;apos;2017-09-27T15:28:36.4Z&amp;apos;
System info: host: &amp;apos;ISW-ENGR-AE2&amp;apos;, ip: &amp;apos;172.23.21.11&amp;apos;, os.name: &amp;apos;Windows 10&amp;apos;, os.arch: &amp;apos;amd64&amp;apos;, os.version: &amp;apos;10.0&amp;apos;, java.version: &amp;apos;1.8.0_171&amp;apos;
Driver info: org.openqa.selenium.chrome.ChromeDriver
Capabilities [{networkConnectionEnabled=false, chrome={chromedriverVersion=77.0.3865.40 (f484704e052e0b556f8030b65b953dce96503217-refs/branch-heads/3865@{#442}), userDataDir=C:\Users\AYOBAM~1.ELU\AppData\Local\Temp\scoped_dir75228_1579466880}, timeouts={implicit=0, pageLoad=300000, script=30000}, pageLoadStrategy=normal, unhandledPromptBehavior=dismiss and notify, strictFileInteractability=false, platform=XP, proxy=Proxy(), goog:chromeOptions={debuggerAddress=localhost:59863}, acceptInsecureCerts=false, browserVersion=78.0.3904.108, browserName=chrome, javascriptEnabled=true, platformName=XP, setWindowRect=true}]
Session ID: 8fb16218a104ce41304ae427ef3814b9
*** Element info: {Using=xpath, value=//span[@class=&amp;apos;formfielderror&amp;apos;]}">
      <![CDATA[org.openqa.selenium.NoSuchElementException: no such element: Unable to locate element: {"method":"xpath","selector":"//span[@class='formfielderror']"}
  (Session info: chrome=78.0.3904.108)
For documentation on this error, please visit: http://seleniumhq.org/exceptions/no_such_element.html
Build info: version: '3.6.0', revision: '6fbf3ec767', time: '2017-09-27T15:28:36.4Z'
System info: host: 'ISW-ENGR-AE2', ip: '172.23.21.11', os.name: 'Windows 10', os.arch: 'amd64', os.version: '10.0', java.version: '1.8.0_171'
Driver info: org.openqa.selenium.chrome.ChromeDriver
Capabilities [{networkConnectionEnabled=false, chrome={chromedriverVersion=77.0.3865.40 (f484704e052e0b556f8030b65b953dce96503217-refs/branch-heads/3865@{#442}), userDataDir=C:\Users\AYOBAM~1.ELU\AppData\Local\Temp\scoped_dir75228_1579466880}, timeouts={implicit=0, pageLoad=300000, script=30000}, pageLoadStrategy=normal, unhandledPromptBehavior=dismiss and notify, strictFileInteractability=false, platform=XP, proxy=Proxy(), goog:chromeOptions={debuggerAddress=localhost:59863}, acceptInsecureCerts=false, browserVersion=78.0.3904.108, browserName=chrome, javascriptEnabled=true, platformName=XP, setWindowRect=true}]
Session ID: 8fb16218a104ce41304ae427ef3814b9
*** Element info: {Using=xpath, value=//span[@class='formfielderror']}
	at org.openqa.selenium.remote.http.W3CHttpResponseCodec.createException(W3CHttpResponseCodec.java:185)
	at org.openqa.selenium.remote.http.W3CHttpResponseCodec.decode(W3CHttpResponseCodec.java:120)
	at org.openqa.selenium.remote.http.W3CHttpResponseCodec.decode(W3CHttpResponseCodec.java:49)
	at org.openqa.selenium.remote.HttpCommandExecutor.execute(HttpCommandExecutor.java:164)
	at org.openqa.selenium.remote.service.DriverCommandExecutor.execute(DriverCommandExecutor.java:83)
	at org.openqa.selenium.remote.RemoteWebDriver.execute(RemoteWebDriver.java:586)
	at org.openqa.selenium.remote.RemoteWebDriver.findElement(RemoteWebDriver.java:356)
	at org.openqa.selenium.remote.RemoteWebDriver.findElementByXPath(RemoteWebDriver.java:458)
	at org.openqa.selenium.By$ByXPath.findElement(By.java:361)
	at org.openqa.selenium.remote.RemoteWebDriver.findElement(RemoteWebDriver.java:348)
	at TestCases.DisputeRejectionTest.RejectDispute(DisputeRejectionTest.java:96)
	at TestCases.DisputeRejectionTest.DisputeRejectCheck(DisputeRejectionTest.java:25)
... Removed 29 stack frames]]>
    </failure>
  </testcase> <!-- DisputeRejectCheck -->
</testsuite> <!-- Test -->
