<?xml version="1.0" encoding="UTF-8"?>
<!-- Generated by org.testng.reporters.JUnitReportReporter -->
<testsuite skipped="1" hostname="RenAyobamiEL" name="Reusable.BaseClass" tests="2" failures="0" timestamp="26 Apr 2020 07:35:51 GMT" time="1.739" errors="1">
  <testcase name="SetUp" time="1.739" classname="Reusable.BaseClass">
    <error type="org.openqa.selenium.SessionNotCreatedException" message="session not created: This version of ChromeDriver only supports Chrome version 79
Build info: version: &#039;3.6.0&#039;, revision: &#039;6fbf3ec767&#039;, time: &#039;2017-09-27T15:28:36.4Z&#039;
System info: host: &#039;RENAYOBAMIEL&#039;, ip: &#039;192.168.0.5&#039;, os.name: &#039;Windows 10&#039;, os.arch: &#039;amd64&#039;, os.version: &#039;10.0&#039;, java.version: &#039;1.8.0_231&#039;
Driver info: driver.version: ChromeDriver
remote stacktrace: Backtrace:
	Ordinal0 [0x00B8A113+1548563]
	Ordinal0 [0x00B0DDA1+1039777]
	Ordinal0 [0x00A8E485+517253]
	Ordinal0 [0x00A1FD34+64820]
	Ordinal0 [0x00A1C61E+50718]
	Ordinal0 [0x00A3B797+178071]
	Ordinal0 [0x00A3B59D+177565]
	Ordinal0 [0x00A395FB+169467]
	Ordinal0 [0x00A2160A+71178]
	Ordinal0 [0x00A22690+75408]
	Ordinal0 [0x00A22629+75305]
	Ordinal0 [0x00B271B7+1143223]
	GetHandleVerifier [0x00C22B46+507814]
	GetHandleVerifier [0x00C22864+507076]
	GetHandleVerifier [0x00C29F47+537511]
	GetHandleVerifier [0x00C23402+510050]
	Ordinal0 [0x00B1F29C+1110684]
	Ordinal0 [0x00B2938B+1151883]
	Ordinal0 [0x00B294F3+1152243]
	Ordinal0 [0x00B283F5+1147893]
	BaseThreadInitThunk [0x76296359+25]
	RtlGetAppContainerNamedObjectPath [0x77367C14+228]
	RtlGetAppContainerNamedObjectPath [0x77367BE4+180]
">
      <![CDATA[org.openqa.selenium.SessionNotCreatedException: session not created: This version of ChromeDriver only supports Chrome version 79
Build info: version: '3.6.0', revision: '6fbf3ec767', time: '2017-09-27T15:28:36.4Z'
System info: host: 'RENAYOBAMIEL', ip: '192.168.0.5', os.name: 'Windows 10', os.arch: 'amd64', os.version: '10.0', java.version: '1.8.0_231'
Driver info: driver.version: ChromeDriver
remote stacktrace: Backtrace:
	Ordinal0 [0x00B8A113+1548563]
	Ordinal0 [0x00B0DDA1+1039777]
	Ordinal0 [0x00A8E485+517253]
	Ordinal0 [0x00A1FD34+64820]
	Ordinal0 [0x00A1C61E+50718]
	Ordinal0 [0x00A3B797+178071]
	Ordinal0 [0x00A3B59D+177565]
	Ordinal0 [0x00A395FB+169467]
	Ordinal0 [0x00A2160A+71178]
	Ordinal0 [0x00A22690+75408]
	Ordinal0 [0x00A22629+75305]
	Ordinal0 [0x00B271B7+1143223]
	GetHandleVerifier [0x00C22B46+507814]
	GetHandleVerifier [0x00C22864+507076]
	GetHandleVerifier [0x00C29F47+537511]
	GetHandleVerifier [0x00C23402+510050]
	Ordinal0 [0x00B1F29C+1110684]
	Ordinal0 [0x00B2938B+1151883]
	Ordinal0 [0x00B294F3+1152243]
	Ordinal0 [0x00B283F5+1147893]
	BaseThreadInitThunk [0x76296359+25]
	RtlGetAppContainerNamedObjectPath [0x77367C14+228]
	RtlGetAppContainerNamedObjectPath [0x77367BE4+180]

	at sun.reflect.NativeConstructorAccessorImpl.newInstance0(Native Method)
	at sun.reflect.NativeConstructorAccessorImpl.newInstance(Unknown Source)
	at sun.reflect.DelegatingConstructorAccessorImpl.newInstance(Unknown Source)
	at java.lang.reflect.Constructor.newInstance(Unknown Source)
	at org.openqa.selenium.remote.W3CHandshakeResponse.lambda$new$0(W3CHandshakeResponse.java:57)
	at org.openqa.selenium.remote.W3CHandshakeResponse.lambda$getResponseFunction$2(W3CHandshakeResponse.java:104)
	at org.openqa.selenium.remote.ProtocolHandshake.lambda$createSession$24(ProtocolHandshake.java:359)
	at java.util.stream.ReferencePipeline$3$1.accept(Unknown Source)
	at java.util.Spliterators$ArraySpliterator.tryAdvance(Unknown Source)
	at java.util.stream.ReferencePipeline.forEachWithCancel(Unknown Source)
	at java.util.stream.AbstractPipeline.copyIntoWithCancel(Unknown Source)
	at java.util.stream.AbstractPipeline.copyInto(Unknown Source)
	at java.util.stream.AbstractPipeline.wrapAndCopyInto(Unknown Source)
	at java.util.stream.FindOps$FindOp.evaluateSequential(Unknown Source)
	at java.util.stream.AbstractPipeline.evaluate(Unknown Source)
	at java.util.stream.ReferencePipeline.findFirst(Unknown Source)
	at org.openqa.selenium.remote.ProtocolHandshake.createSession(ProtocolHandshake.java:362)
	at org.openqa.selenium.remote.ProtocolHandshake.createSession(ProtocolHandshake.java:136)
	at org.openqa.selenium.remote.HttpCommandExecutor.execute(HttpCommandExecutor.java:142)
	at org.openqa.selenium.remote.service.DriverCommandExecutor.execute(DriverCommandExecutor.java:83)
	at org.openqa.selenium.remote.RemoteWebDriver.execute(RemoteWebDriver.java:586)
	at org.openqa.selenium.remote.RemoteWebDriver.startSession(RemoteWebDriver.java:217)
	at org.openqa.selenium.remote.RemoteWebDriver.<init>(RemoteWebDriver.java:140)
	at org.openqa.selenium.chrome.ChromeDriver.<init>(ChromeDriver.java:181)
	at org.openqa.selenium.chrome.ChromeDriver.<init>(ChromeDriver.java:168)
	at org.openqa.selenium.chrome.ChromeDriver.<init>(ChromeDriver.java:123)
	at Utilities.DriverFactory.open(DriverFactory.java:17)
	at Reusable.BaseClass.SetUp(BaseClass.java:43)
	at sun.reflect.NativeMethodAccessorImpl.invoke0(Native Method)
	at sun.reflect.NativeMethodAccessorImpl.invoke(Unknown Source)
	at sun.reflect.DelegatingMethodAccessorImpl.invoke(Unknown Source)
	at java.lang.reflect.Method.invoke(Unknown Source)
	at org.testng.internal.MethodInvocationHelper.invokeMethod(MethodInvocationHelper.java:108)
	at org.testng.internal.Invoker.invokeConfigurationMethod(Invoker.java:523)
	at org.testng.internal.Invoker.invokeConfigurations(Invoker.java:224)
	at org.testng.internal.Invoker.invokeConfigurations(Invoker.java:146)
	at org.testng.TestRunner.beforeRun(TestRunner.java:626)
	at org.testng.TestRunner.run(TestRunner.java:594)
	at org.testng.SuiteRunner.runTest(SuiteRunner.java:380)
	at org.testng.SuiteRunner.runSequentially(SuiteRunner.java:375)
	at org.testng.SuiteRunner.privateRun(SuiteRunner.java:340)
	at org.testng.SuiteRunner.run(SuiteRunner.java:289)
	at org.testng.SuiteRunnerWorker.runSuite(SuiteRunnerWorker.java:52)
	at org.testng.SuiteRunnerWorker.run(SuiteRunnerWorker.java:86)
	at org.testng.TestNG.runSuitesSequentially(TestNG.java:1301)
	at org.testng.TestNG.runSuitesLocally(TestNG.java:1226)
	at org.testng.TestNG.runSuites(TestNG.java:1144)
	at org.testng.TestNG.run(TestNG.java:1115)
	at org.testng.remote.AbstractRemoteTestNG.run(AbstractRemoteTestNG.java:114)
	at org.testng.remote.RemoteTestNG.initAndRun(RemoteTestNG.java:251)
	at org.testng.remote.RemoteTestNG.main(RemoteTestNG.java:77)
]]>
    </error>
  </testcase> <!-- SetUp -->
  <testcase name="Login" time="0.000" classname="Reusable.BaseClass">
    <skipped/>
  </testcase> <!-- Login -->
</testsuite> <!-- Reusable.BaseClass -->
